0 info it worked if it ends with ok
1 verbose cli [ '/usr/bin/nodejs', '/usr/bin/npm', 'start' ]
2 info using npm@3.5.2
3 info using node@v4.2.6
4 verbose run-script [ 'prestart', 'start', 'poststart' ]
5 info lifecycle bit@0.0.0~prestart: bit@0.0.0
6 silly lifecycle bit@0.0.0~prestart: no script for prestart, continuing
7 info lifecycle bit@0.0.0~start: bit@0.0.0
8 verbose lifecycle bit@0.0.0~start: unsafe-perm in lifecycle true
9 verbose lifecycle bit@0.0.0~start: PATH: /usr/share/npm/bin/node-gyp-bin:/mnt/c/Users/v2kee/0_dev/nodejs/bit/node_modules/.bin:/home/gustavo/bin:/home/gustavo/.local/bin:/usr/local/sbin:/usr/local/bin:/usr/sbin:/usr/bin:/sbin:/bin:/usr/games:/usr/local/games:/mnt/c/Windows/System32:/mnt/c/Windows:/mnt/c/Windows/System32/wbem:/mnt/c/Windows/System32/WindowsPowerShell/v1.0:/mnt/c/ProgramData/chocolatey/bin:/mnt/c/tools/neovim/Neovim/bin:/mnt/c/Program Files/nodejs:/mnt/c/Program Files/Git/cmd:/mnt/c/tools/SysInternals:/mnt/c/Program Files/dotnet:/mnt/c/Program Files/Microsoft SQL Server/130/Tools/Binn:/mnt/c/Program Files (x86)/Microsoft SDKs/F#/4.1/Framework/v4.0:/mnt/c/Go/bin:/mnt/c/Program Files/Sublime Text 3:/mnt/c/Program Files (x86)/Google/Cloud SDK/google-cloud-sdk/bin:/mnt/c/Users/v2kee/0_dev/golang/bin:/mnt/c/Users/v2kee/AppData/Local/Microsoft/WindowsApps:/mnt/c/Program Files/Microsoft VS Code/bin:/mnt/c/Users/v2kee/AppData/Roaming/npm:/mnt/c/Users/v2kee/AppData/Local/Programs/Fiddler:/mnt/c/tools/mingw64/bin:/snap/bin:/usr/lib/go-1.9/bin
10 verbose lifecycle bit@0.0.0~start: CWD: /mnt/c/Users/v2kee/0_dev/nodejs/bit
11 silly lifecycle bit@0.0.0~start: Args: [ '-c', 'node ./bin/www' ]
12 silly lifecycle bit@0.0.0~start: Returned: code: 1  signal: null
13 info lifecycle bit@0.0.0~start: Failed to exec start script
14 verbose stack Error: bit@0.0.0 start: `node ./bin/www`
14 verbose stack Exit status 1
14 verbose stack     at EventEmitter.<anonymous> (/usr/share/npm/lib/utils/lifecycle.js:232:16)
14 verbose stack     at emitTwo (events.js:87:13)
14 verbose stack     at EventEmitter.emit (events.js:172:7)
14 verbose stack     at ChildProcess.<anonymous> (/usr/share/npm/lib/utils/spawn.js:24:14)
14 verbose stack     at emitTwo (events.js:87:13)
14 verbose stack     at ChildProcess.emit (events.js:172:7)
14 verbose stack     at maybeClose (internal/child_process.js:821:16)
14 verbose stack     at Process.ChildProcess._handle.onexit (internal/child_process.js:211:5)
15 verbose pkgid bit@0.0.0
16 verbose cwd /mnt/c/Users/v2kee/0_dev/nodejs/bit
17 error Linux 4.4.0-43-Microsoft
18 error argv "/usr/bin/nodejs" "/usr/bin/npm" "start"
19 error node v4.2.6
20 error npm  v3.5.2
21 error code ELIFECYCLE
22 error bit@0.0.0 start: `node ./bin/www`
22 error Exit status 1
23 error Failed at the bit@0.0.0 start script 'node ./bin/www'.
23 error Make sure you have the latest version of node.js and npm installed.
23 error If you do, this is most likely a problem with the bit package,
23 error not with npm itself.
23 error Tell the author that this fails on your system:
23 error     node ./bin/www
23 error You can get information on how to open an issue for this project with:
23 error     npm bugs bit
23 error Or if that isn't available, you can get their info via:
23 error     npm owner ls bit
23 error There is likely additional logging output above.
24 verbose exit [ 1, true ]
